android-apk/app/build/outputs/logs/manifest-merger-debug-report.txt
-- Merging decision tree log ---
manifest
ADDED from src/main/AndroidManifest.xml:2:1-85:12
INJECTED from src/main/AndroidManifest.xml:2:1-85:12
INJECTED from src/main/AndroidManifest.xml:2:1-85:12
INJECTED from src/main/AndroidManifest.xml:2:1-85:12
MERGED from [androidx.documentfile:documentfile:1.0.1] AndroidManifest.xml:17:1-22:12
	package
		INJECTED from src/main/AndroidManifest.xml
	android:versionName
		INJECTED from src/main/AndroidManifest.xml
	android:versionCode
		INJECTED from src/main/AndroidManifest.xml
	xmlns:android
		ADDED from src/main/AndroidManifest.xml:2:11-69
	android:installLocation
		ADDED from src/main/AndroidManifest.xml:3:5-35
uses-feature#android.hardware.vulkan.version
ADDED from src/main/AndroidManifest.xml:6:5-8:35
	android:version
		ADDED from src/main/AndroidManifest.xml:7:9-37
	android:required
		ADDED from src/main/AndroidManifest.xml:8:9-32
	android:name
		ADDED from src/main/AndroidManifest.xml:6:19-65
uses-feature#android.hardware.vulkan.level
ADDED from src/main/AndroidManifest.xml:9:5-11:36
	android:version
		ADDED from src/main/AndroidManifest.xml:10:9-28
	android:required
		ADDED from src/main/AndroidManifest.xml:11:9-33
	android:name
		ADDED from src/main/AndroidManifest.xml:9:19-63
uses-permission#android.permission.WAKE_LOCK
ADDED from src/main/AndroidManifest.xml:13:5-68
	android:name
		ADDED from src/main/AndroidManifest.xml:13:22-65
uses-feature#android.hardware.touchscreen
ADDED from src/main/AndroidManifest.xml:16:5-18:35
	android:required
		ADDED from src/main/AndroidManifest.xml:18:9-32
	android:name
		ADDED from src/main/AndroidManifest.xml:17:9-52
uses-feature#android.hardware.bluetooth
ADDED from src/main/AndroidManifest.xml:21:5-23:36
	android:required
		ADDED from src/main/AndroidManifest.xml:23:9-33
	android:name
		ADDED from src/main/AndroidManifest.xml:22:9-50
uses-feature#android.hardware.gamepad
ADDED from src/main/AndroidManifest.xml:24:5-26:36
	android:required
		ADDED from src/main/AndroidManifest.xml:26:9-33
	android:name
		ADDED from src/main/AndroidManifest.xml:25:9-48
uses-feature#android.hardware.usb.host
ADDED from src/main/AndroidManifest.xml:27:5-29:36
	android:required
		ADDED from src/main/AndroidManifest.xml:29:9-33
	android:name
		ADDED from src/main/AndroidManifest.xml:28:9-49
uses-feature#android.hardware.type.pc
ADDED from src/main/AndroidManifest.xml:32:5-34:36
	android:required
		ADDED from src/main/AndroidManifest.xml:34:9-33
	android:name
		ADDED from src/main/AndroidManifest.xml:33:9-48
uses-permission#android.permission.VIBRATE
ADDED from src/main/AndroidManifest.xml:37:5-66
	android:name
		ADDED from src/main/AndroidManifest.xml:37:22-63
uses-permission#android.permission.READ_EXTERNAL_STORAGE
ADDED from src/main/AndroidManifest.xml:40:5-41:38
	android:maxSdkVersion
		ADDED from src/main/AndroidManifest.xml:41:9-35
	android:name
		ADDED from src/main/AndroidManifest.xml:40:22-77
application
ADDED from src/main/AndroidManifest.xml:43:5-83:19
INJECTED from src/main/AndroidManifest.xml:43:5-83:19
	android:extractNativeLibs
		INJECTED from src/main/AndroidManifest.xml
	android:label
		ADDED from src/main/AndroidManifest.xml:44:9-41
	android:hardwareAccelerated
		ADDED from src/main/AndroidManifest.xml:47:9-43
	android:resizeableActivity
		ADDED from src/main/AndroidManifest.xml:49:9-43
	android:icon
		ADDED from src/main/AndroidManifest.xml:45:9-43
	android:allowBackup
		ADDED from src/main/AndroidManifest.xml:46:9-36
	android:theme
		ADDED from src/main/AndroidManifest.xml:48:9-40
activity#org.libsdl.app.LauncherActivity
ADDED from src/main/AndroidManifest.xml:53:9-63:20
	android:label
		ADDED from src/main/AndroidManifest.xml:55:13-45
	android:exported
		ADDED from src/main/AndroidManifest.xml:56:13-36
	android:theme
		ADDED from src/main/AndroidManifest.xml:57:13-49
	android:name
		ADDED from src/main/AndroidManifest.xml:54:13-59
intent-filter#action:name:android.intent.action.MAIN+category:name:android.intent.category.LAUNCHER
ADDED from src/main/AndroidManifest.xml:59:13-62:29
action#android.intent.action.MAIN
ADDED from src/main/AndroidManifest.xml:60:17-69
	android:name
		ADDED from src/main/AndroidManifest.xml:60:25-66
category#android.intent.category.LAUNCHER
ADDED from src/main/AndroidManifest.xml:61:17-77
	android:name
		ADDED from src/main/AndroidManifest.xml:61:27-74
activity#org.libsdl.app.SettingsActivity
ADDED from src/main/AndroidManifest.xml:66:9-71:52
	android:parentActivityName
		ADDED from src/main/AndroidManifest.xml:70:13-73
	android:label
		ADDED from src/main/AndroidManifest.xml:68:13-51
	android:exported
		ADDED from src/main/AndroidManifest.xml:69:13-37
	android:theme
		ADDED from src/main/AndroidManifest.xml:71:13-49
	android:name
		ADDED from src/main/AndroidManifest.xml:67:13-59
activity#org.libsdl.app.GameActivity
ADDED from src/main/AndroidManifest.xml:75:9-82:47
	android:screenOrientation
		ADDED from src/main/AndroidManifest.xml:79:13-56
	android:label
		ADDED from src/main/AndroidManifest.xml:77:13-45
	android:launchMode
		ADDED from src/main/AndroidManifest.xml:82:13-44
	android:exported
		ADDED from src/main/AndroidManifest.xml:78:13-37
	android:keepScreenOn
		ADDED from src/main/AndroidManifest.xml:80:13-40
	android:configChanges
		ADDED from src/main/AndroidManifest.xml:81:13-126
	android:name
		ADDED from src/main/AndroidManifest.xml:76:13-55
uses-sdk
INJECTED from src/main/AndroidManifest.xml reason: use-sdk injection requested
INJECTED from src/main/AndroidManifest.xml
INJECTED from src/main/AndroidManifest.xml
MERGED from [androidx.documentfile:documentfile:1.0.1] AndroidManifest.xml:20:5-44
MERGED from [androidx.documentfile:documentfile:1.0.1] AndroidManifest.xml:20:5-44
	android:targetSdkVersion
		INJECTED from src/main/AndroidManifest.xml
	android:minSdkVersion
		INJECTED from src/main/AndroidManifest.xml